<?xml version="1.0" encoding="UTF-8"?>
<!-- Generated by org.testng.reporters.JUnitReportReporter -->
<testsuite skipped="0" hostname="DESKTOP-GK61F68" name="testrunner.Runner" tests="2" failures="0" timestamp="2021-08-11T14:57:21 IST" time="26.001" errors="2">
  <testcase name="runScenario" time="16.273" classname="testrunner.Runner">
    <error type="java.lang.NullPointerException">
      <![CDATA[java.lang.NullPointerException
at org.openqa.selenium.support.pagefactory.DefaultElementLocator.findElement(DefaultElementLocator.java:69)
at org.openqa.selenium.support.pagefactory.internal.LocatingElementHandler.invoke(LocatingElementHandler.java:38)
at com.sun.proxy.$Proxy23.click(Unknown Source)
at stepDefinitions.ShopTest.click_on_shop_menu(ShopTest.java:34)
at ✽.click on Shop Menu(file:///C:/Users/Nitheesha/git/EcommerceBDD/E-CommerceBDD/./src/test/java/features/Shop.feature:7)
]]>
    </error>
  </testcase> <!-- runScenario -->
  <system-out/>
  <testcase name="runScenario" time="9.728" classname="testrunner.Runner">
    <error type="java.lang.NullPointerException">
      <![CDATA[java.lang.NullPointerException
at org.openqa.selenium.support.pagefactory.DefaultElementLocator.findElement(DefaultElementLocator.java:69)
at org.openqa.selenium.support.pagefactory.internal.LocatingElementHandler.invoke(LocatingElementHandler.java:38)
at com.sun.proxy.$Proxy23.click(Unknown Source)
at stepDefinitions.ShopTest.home_is_displayed_click_on_shop(ShopTest.java:62)
at ✽.Home is displayed click on shop(file:///C:/Users/Nitheesha/git/EcommerceBDD/E-CommerceBDD/./src/test/java/features/Shop.feature:14)
]]>
    </error>
  </testcase> <!-- runScenario -->
  <system-out/>
</testsuite> <!-- testrunner.Runner -->
